<?xml version="1.0" encoding="UTF-8"?>
<testsuite name="com.jojoldu.book.springboot.web.IndexControllerTest" tests="1" skipped="0" failures="0" errors="0" timestamp="2022-07-28T13:36:01" hostname="DESKTOP-VQ0P6KB" time="0.149">
  <properties/>
  <testcase name="메인페이지_로딩" classname="com.jojoldu.book.springboot.web.IndexControllerTest" time="0.149"/>
  <system-out><![CDATA[2022-07-28 22:36:01.782  INFO 27092 --- [    Test worker] .b.t.c.SpringBootTestContextBootstrapper : Neither @ContextConfiguration nor @ContextHierarchy found for test class [com.jojoldu.book.springboot.web.IndexControllerTest], using SpringBootContextLoader
2022-07-28 22:36:01.783  INFO 27092 --- [    Test worker] o.s.t.c.support.AbstractContextLoader    : Could not detect default resource locations for test class [com.jojoldu.book.springboot.web.IndexControllerTest]: no resource found for suffixes {-context.xml, Context.groovy}.
2022-07-28 22:36:01.783  INFO 27092 --- [    Test worker] t.c.s.AnnotationConfigContextLoaderUtils : Could not detect default configuration classes for test class [com.jojoldu.book.springboot.web.IndexControllerTest]: IndexControllerTest does not declare any static, non-private, non-final, nested classes annotated with @Configuration.
2022-07-28 22:36:01.785  INFO 27092 --- [    Test worker] .b.t.c.SpringBootTestContextBootstrapper : Found @SpringBootConfiguration com.jojoldu.book.springboot.Application for test class com.jojoldu.book.springboot.web.IndexControllerTest
2022-07-28 22:36:01.786  INFO 27092 --- [    Test worker] .b.t.c.SpringBootTestContextBootstrapper : Loaded default TestExecutionListener class names from location [META-INF/spring.factories]: [org.springframework.security.test.context.support.WithSecurityContextTestExecutionListener, org.springframework.security.test.context.support.ReactorContextTestExecutionListener, org.springframework.boot.test.autoconfigure.restdocs.RestDocsTestExecutionListener, org.springframework.boot.test.autoconfigure.web.client.MockRestServiceServerResetTestExecutionListener, org.springframework.boot.test.autoconfigure.web.servlet.MockMvcPrintOnlyOnFailureTestExecutionListener, org.springframework.boot.test.autoconfigure.web.servlet.WebDriverTestExecutionListener, org.springframework.boot.test.mock.mockito.MockitoTestExecutionListener, org.springframework.boot.test.mock.mockito.ResetMocksTestExecutionListener, org.springframework.test.context.web.ServletTestExecutionListener, org.springframework.test.context.support.DirtiesContextBeforeModesTestExecutionListener, org.springframework.test.context.support.DependencyInjectionTestExecutionListener, org.springframework.test.context.support.DirtiesContextTestExecutionListener, org.springframework.test.context.transaction.TransactionalTestExecutionListener, org.springframework.test.context.jdbc.SqlScriptsTestExecutionListener]
2022-07-28 22:36:01.787  INFO 27092 --- [    Test worker] .b.t.c.SpringBootTestContextBootstrapper : Using TestExecutionListeners: [org.springframework.test.context.web.ServletTestExecutionListener@1ecac350, org.springframework.test.context.support.DirtiesContextBeforeModesTestExecutionListener@63b5ca67, org.springframework.boot.test.mock.mockito.MockitoTestExecutionListener@187fe928, org.springframework.boot.test.autoconfigure.SpringBootDependencyInjectionTestExecutionListener@35bcfbb2, org.springframework.test.context.support.DirtiesContextTestExecutionListener@7da47e16, org.springframework.test.context.transaction.TransactionalTestExecutionListener@300f6537, org.springframework.test.context.jdbc.SqlScriptsTestExecutionListener@57defcb7, org.springframework.security.test.context.support.WithSecurityContextTestExecutionListener@5edec95, org.springframework.security.test.context.support.ReactorContextTestExecutionListener@5be766f0, org.springframework.boot.test.autoconfigure.restdocs.RestDocsTestExecutionListener@108a8666, org.springframework.boot.test.autoconfigure.web.client.MockRestServiceServerResetTestExecutionListener@3091eb84, org.springframework.boot.test.autoconfigure.web.servlet.MockMvcPrintOnlyOnFailureTestExecutionListener@5af23047, org.springframework.boot.test.autoconfigure.web.servlet.WebDriverTestExecutionListener@3ac20d0f, org.springframework.boot.test.mock.mockito.ResetMocksTestExecutionListener@7ebf1587]
2022-07-28 22:36:01.878  INFO 27092 --- [o-auto-1-exec-1] o.a.c.c.C.[Tomcat].[localhost].[/]       : Initializing Spring DispatcherServlet 'dispatcherServlet'
2022-07-28 22:36:01.878  INFO 27092 --- [o-auto-1-exec-1] o.s.web.servlet.DispatcherServlet        : Initializing Servlet 'dispatcherServlet'
2022-07-28 22:36:01.880  INFO 27092 --- [o-auto-1-exec-1] o.s.web.servlet.DispatcherServlet        : Completed initialization in 2 ms
Hibernate: select posts0_.id as id1_0_, posts0_.created_date as created_2_0_, posts0_.modified_date as modified3_0_, posts0_.author as author4_0_, posts0_.content as content5_0_, posts0_.title as title6_0_ from posts posts0_ order by posts0_.id DESC
]]></system-out>
  <system-err><![CDATA[]]></system-err>
</testsuite>
